Detected Java version: 1.6 in: C:\Program Files (x86)\Java\jdk1.6.0_16\jre
Detected OS: Windows 7
parsing buildfile C:\ForceMigrationTool\PigtoBetaMyAccess\build.xml with URI = file:/C:/ForceMigrationTool/PigtoBetaMyAccess/build.xml
Project base dir set to: C:\ForceMigrationTool\PigtoBetaMyAccess
parsing buildfile jar:file:/C:/ANT_HOME/lib/ant.jar!/org/apache/tools/ant/antlib.xml with URI = jar:file:/C:/ANT_HOME/lib/ant.jar!/org/apache/tools/ant/antlib.xml from a zip file
 [property] Loading C:\ForceMigrationTool\PigtoBetaMyAccess\build.properties
 [property] Loading Environment env.

BUILD FAILED
Target "retrieveEFObjectsPackage" does not exist in the project "Sample usage of Salesforce Ant tasks". 
	at org.apache.tools.ant.Project.tsort(Project.java:1906)
	at org.apache.tools.ant.Project.topoSort(Project.java:1814)
	at org.apache.tools.ant.Project.topoSort(Project.java:1777)
	at org.apache.tools.ant.Project.executeTarget(Project.java:1364)
	at org.apache.tools.ant.helper.DefaultExecutor.executeTargets(DefaultExecutor.java:41)
	at org.apache.tools.ant.Project.executeTargets(Project.java:1248)
	at org.apache.tools.ant.Main.runBuild(Main.java:851)
	at org.apache.tools.ant.Main.startAnt(Main.java:235)
	at org.apache.tools.ant.launch.Launcher.run(Launcher.java:280)
	at org.apache.tools.ant.launch.Launcher.main(Launcher.java:109)

Total time: 0 seconds
